A51 MACRO ASSEMBLER  38LED                                                                10/09/2019 09:30:37 PAGE     1


MACRO ASSEMBLER A51 V8.02
OBJECT MODULE PLACED IN 38LED.OBJ
ASSEMBLER INVOKED BY: C:\Keil\C51\BIN\A51.EXE 38LED.asm SET(SMALL) DEBUG EP

LOC  OBJ            LINE     SOURCE

0000                   1             ORG 0000H       ;       
0000 020080            2             LJMP MAIN       ;
0080                   3             ORG 0080H       ;
0080 7590DB            4     MAIN:   MOV P1,#0DBH    ;11011011--零为亮
0083 1191              5             ACALL DELay     ;
0085 75906D            6             MOV P1,#06DH    ;01101101
0088 1191              7             ACALL DELay     ;
008A 7590B6            8             MOV P1,#0B6H    ;10110110
008D 1191              9             ACALL DELay     ;
008F 0180             10             AJMP MAIN       ;
0091 7FFF             11     delay:  mov r7,#255     ;延时子程序
0093 7EFF             12     d1:     mov r6,#255
0095 DEFE             13     d2:     djnz r6,d2
0097 DFFA             14             djnz r7,d1
0099 22               15             ret
                      16             end
A51 MACRO ASSEMBLER  38LED                                                                10/09/2019 09:30:37 PAGE     2

SYMBOL TABLE LISTING
------ ----- -------


N A M E             T Y P E  V A L U E   ATTRIBUTES

D1 . . . . . . . .  C ADDR   0093H   A   
D2 . . . . . . . .  C ADDR   0095H   A   
DELAY. . . . . . .  C ADDR   0091H   A   
MAIN . . . . . . .  C ADDR   0080H   A   
P1 . . . . . . . .  D ADDR   0090H   A   


REGISTER BANK(S) USED: 0 


ASSEMBLY COMPLETE.  0 WARNING(S), 0 ERROR(S)
